<?xml version="1.0" encoding="UTF-8"?>
<testsuite name="org.example.immediate.utility.TimeTest" tests="4" skipped="0" failures="0" errors="0" timestamp="2026-02-18T07:52:45.749Z" hostname="fedora" time="0.007">
  <properties/>
  <testcase name="testTickDown()" classname="org.example.immediate.utility.TimeTest" time="0.001"/>
  <testcase name="testEquals()" classname="org.example.immediate.utility.TimeTest" time="0.001"/>
  <testcase name="testIsZero()" classname="org.example.immediate.utility.TimeTest" time="0.001"/>
  <testcase name="testTickUp()" classname="org.example.immediate.utility.TimeTest" time="0.0"/>
  <system-out><![CDATA[]]></system-out>
  <system-err><![CDATA[]]></system-err>
</testsuite>
