<?xml version="1.0" encoding="UTF-8"?>
<testsuite name="org.example.immediate.utility.PointedArrayTest" tests="5" skipped="0" failures="0" errors="0" timestamp="2026-02-18T07:52:45.737Z" hostname="fedora" time="0.008">
  <properties/>
  <testcase name="getException1()" classname="org.example.immediate.utility.PointedArrayTest" time="0.002"/>
  <testcase name="getException2()" classname="org.example.immediate.utility.PointedArrayTest" time="0.001"/>
  <testcase name="setPointerException1()" classname="org.example.immediate.utility.PointedArrayTest" time="0.001"/>
  <testcase name="setPointerException2()" classname="org.example.immediate.utility.PointedArrayTest" time="0.001"/>
  <testcase name="getPointedItemTest()" classname="org.example.immediate.utility.PointedArrayTest" time="0.0"/>
  <system-out><![CDATA[]]></system-out>
  <system-err><![CDATA[]]></system-err>
</testsuite>
